<?xml version="1.0" encoding="UTF-8" ?>
<testsuite tests="14" failures="0" name="calculator.CalculatorTest" time="0.006" errors="0" skipped="0">
  <properties>
[...]
</properties>
  <testcase classname="calculator.CalculatorTest" name="nullTest" time="0.003"/>
  <testcase classname="calculator.CalculatorTest" name="inverseTest" time="0"/>
  <testcase classname="calculator.CalculatorTest" name="addTest" time="0"/>
  <testcase classname="calculator.CalculatorTest" name="lnTest" time="0"/>
  <testcase classname="calculator.CalculatorTest" name="rootTest" time="0"/>
  <testcase classname="calculator.CalculatorTest" name="diffTest" time="0"/>
  <testcase classname="calculator.CalculatorTest" name="areaCircleTest1" time="0"/>
  <testcase classname="calculator.CalculatorTest" name="exponTest" time="0.001"/>
  <testcase classname="calculator.CalculatorTest" name="ceilingvalTest" time="0"/>
  <testcase classname="calculator.CalculatorTest" name="illegalCalculationErrorTest" time="0.001"/>
  <testcase classname="calculator.CalculatorTest" name="hypotenuseTest" time="0"/>
  <testcase classname="calculator.CalculatorTest" name="log10Test" time="0"/>
  <testcase classname="calculator.CalculatorTest" name="mulTest" time="0"/>
  <testcase classname="calculator.CalculatorTest" name="divTest" time="0.001"/>
</testsuite>